<?xml version="1.0" encoding="UTF-8"?>
<!-- Generated by org.testng.reporters.JUnitReportReporter -->
<testsuite hostname="DESKTOP-5A7ANQT" failures="0" tests="1" name="TestNgPack1.test1" time="13.274" errors="0" timestamp="2023-02-17T11:12:46 IST" skipped="0">
  <testcase classname="TestNgPack1.test1" name="test1" time="13.274"/>
  <system-out/>
</testsuite> <!-- TestNgPack1.test1 -->
